<?xml version="1.0" encoding="UTF-8"?>
<testsuite name="com.thoughtworks.rectangle.RactangleAreaTest" tests="1" skipped="0" failures="0" errors="0" timestamp="2023-07-07T14:12:27" hostname="gurushifu-gurushifugitp-e22fgl7fpss" time="0.014">
  <properties/>
  <testcase name="areaIsMultipleOfLengthAndBreadth()" classname="com.thoughtworks.rectangle.RactangleAreaTest" time="0.014"/>
  <system-out><![CDATA[]]></system-out>
  <system-err><![CDATA[]]></system-err>
</testsuite>
